<?xml version="1.0" encoding="UTF-8"?>
<!-- Generated by org.testng.reporters.JUnitXMLReporter -->
<testsuite ignored="0" hostname="DESKTOP-3UOQ2IT" failures="0" tests="3" name="Test" time="26.859" errors="0" timestamp="2023-09-01T21:47:16 EDT">
  <testcase classname="testng_parameterization.Facebook" name="createAccount" time="7.775"/>
  <testcase classname="testng_parameterization.OrangeHRM" name="orangeHRMLogin" time="8.241"/>
  <testcase classname="testng_parameterization.Rediff" name="rediffLogin" time="10.792"/>
</testsuite> <!-- Test -->
