<?xml version="1.0" encoding="UTF-8"?>
<testng-results ignored="0" total="1" passed="1" failed="0" skipped="0">
  <reporter-output>
  </reporter-output>
  <suite started-at="2023-09-11T14:21:59 EDT" name="Default suite" finished-at="2023-09-11T14:22:06 EDT" duration-ms="6482">
    <groups>
    </groups>
    <test started-at="2023-09-11T14:21:59 EDT" name="Default test" finished-at="2023-09-11T14:22:06 EDT" duration-ms="6482">
      <class name="aCRecordPractice_13thNov2022.Facebook_Recording">
        <test-method signature="test()[pri:0, instance:aCRecordPractice_13thNov2022.Facebook_Recording@576d5deb]" started-at="2023-09-11T14:21:59 EDT" name="test" finished-at="2023-09-11T14:22:06 EDT" duration-ms="6446" status="PASS">
          <reporter-output>
          </reporter-output>
        </test-method> <!-- test -->
      </class> <!-- aCRecordPractice_13thNov2022.Facebook_Recording -->
    </test> <!-- Default test -->
  </suite> <!-- Default suite -->
</testng-results>
